

Started GET "/" for 127.0.0.1 at 2016-02-27 16:49:44 -0500

ActiveRecord::PendingMigrationError (

Migrations are pending. To resolve this issue, run:

	bin/rake db:migrate RAILS_ENV=development

):
  activerecord (4.1.10) lib/active_record/migration.rb:389:in `check_pending!'
  activerecord (4.1.10) lib/active_record/migration.rb:377:in `call'
  actionpack (4.1.10) lib/action_dispatch/middleware/callbacks.rb:29:in `block in call'
  activesupport (4.1.10) lib/active_support/callbacks.rb:82:in `run_callbacks'
  actionpack (4.1.10) lib/action_dispatch/middleware/callbacks.rb:27:in `call'
  actionpack (4.1.10) lib/action_dispatch/middleware/reloader.rb:73:in `call'
  actionpack (4.1.10) lib/action_dispatch/middleware/remote_ip.rb:76:in `call'
  actionpack (4.1.10) lib/action_dispatch/middleware/debug_exceptions.rb:17:in `call'
  actionpack (4.1.10) lib/action_dispatch/middleware/show_exceptions.rb:30:in `call'
  railties (4.1.10) lib/rails/rack/logger.rb:38:in `call_app'
  railties (4.1.10) lib/rails/rack/logger.rb:20:in `block in call'
  activesupport (4.1.10) lib/active_support/tagged_logging.rb:68:in `block in tagged'
  activesupport (4.1.10) lib/active_support/tagged_logging.rb:26:in `tagged'
  activesupport (4.1.10) lib/active_support/tagged_logging.rb:68:in `tagged'
  railties (4.1.10) lib/rails/rack/logger.rb:20:in `call'
  actionpack (4.1.10) lib/action_dispatch/middleware/request_id.rb:21:in `call'
  rack (1.5.5) lib/rack/methodoverride.rb:21:in `call'
  rack (1.5.5) lib/rack/runtime.rb:17:in `call'
  activesupport (4.1.10) lib/active_support/cache/strategy/local_cache_middleware.rb:26:in `call'
  rack (1.5.5) lib/rack/lock.rb:17:in `call'
  actionpack (4.1.10) lib/action_dispatch/middleware/static.rb:84:in `call'
  rack (1.5.5) lib/rack/sendfile.rb:112:in `call'
  railties (4.1.10) lib/rails/engine.rb:514:in `call'
  railties (4.1.10) lib/rails/application.rb:144:in `call'
  rack (1.5.5) lib/rack/lock.rb:17:in `call'
  rack (1.5.5) lib/rack/content_length.rb:14:in `call'
  rack (1.5.5) lib/rack/handler/webrick.rb:60:in `service'
  /home/xyao01/.rbenv/versions/2.2.4/lib/ruby/2.2.0/webrick/httpserver.rb:138:in `service'
  /home/xyao01/.rbenv/versions/2.2.4/lib/ruby/2.2.0/webrick/httpserver.rb:94:in `run'
  /home/xyao01/.rbenv/versions/2.2.4/lib/ruby/2.2.0/webrick/server.rb:294:in `block in start_thread'


  Rendered /home/xyao01/.rbenv/versions/2.2.4/lib/ruby/gems/2.2.0/gems/actionpack-4.1.10/lib/action_dispatch/middleware/templates/rescues/_source.erb (0.7ms)
  Rendered /home/xyao01/.rbenv/versions/2.2.4/lib/ruby/gems/2.2.0/gems/actionpack-4.1.10/lib/action_dispatch/middleware/templates/rescues/_trace.html.erb (1.3ms)
  Rendered /home/xyao01/.rbenv/versions/2.2.4/lib/ruby/gems/2.2.0/gems/actionpack-4.1.10/lib/action_dispatch/middleware/templates/rescues/_request_and_response.html.erb (0.8ms)
  Rendered /home/xyao01/.rbenv/versions/2.2.4/lib/ruby/gems/2.2.0/gems/actionpack-4.1.10/lib/action_dispatch/middleware/templates/rescues/diagnostics.erb within rescues/layout (24.6ms)
  [1m[36m (14.9ms)[0m  [1mCREATE TABLE "schema_migrations" ("version" varchar(255) NOT NULL) [0m
  [1m[35m (0.1ms)[0m  select sqlite_version(*)
  [1m[36m (3.8ms)[0m  [1mCREATE UNIQUE INDEX "unique_schema_migrations" ON "schema_migrations" ("version")[0m
  [1m[35mActiveRecord::SchemaMigration Load (0.1ms)[0m  SELECT "schema_migrations".* FROM "schema_migrations"
Migrating to CreateUniverses (20160222192351)
  [1m[36m (0.1ms)[0m  [1mbegin transaction[0m
  [1m[35m (0.2ms)[0m  CREATE TABLE "universes" ("id" INTEGER PRIMARY KEY AUTOINCREMENT NOT NULL, "name" text, "size" integer, "created_at" datetime, "updated_at" datetime) 
  [1m[36mSQL (3.8ms)[0m  [1mINSERT INTO "schema_migrations" ("version") VALUES (?)[0m  [["version", "20160222192351"]]
  [1m[35m (5.1ms)[0m  commit transaction
  [1m[36mActiveRecord::SchemaMigration Load (0.1ms)[0m  [1mSELECT "schema_migrations".* FROM "schema_migrations"[0m


Started GET "/" for 127.0.0.1 at 2016-02-27 16:50:45 -0500
  [1m[36mActiveRecord::SchemaMigration Load (0.1ms)[0m  [1mSELECT "schema_migrations".* FROM "schema_migrations"[0m
Processing by WelcomeController#index as HTML
  Rendered welcome/index.html.erb (2.7ms)
Completed 200 OK in 20ms (Views: 7.0ms | ActiveRecord: 0.0ms)


Started GET "/welcome/index?start=volen&end=ziv+127" for 127.0.0.1 at 2016-02-27 16:50:48 -0500
Processing by WelcomeController#index as HTML
  Parameters: {"start"=>"volen", "end"=>"ziv 127"}
  Rendered welcome/index.html.erb (0.1ms)
Completed 200 OK in 7ms (Views: 4.8ms | ActiveRecord: 0.0ms)


Started GET "/welcome/index?start=volen&end=gzang" for 127.0.0.1 at 2016-02-27 16:50:50 -0500
Processing by WelcomeController#index as HTML
  Parameters: {"start"=>"volen", "end"=>"gzang"}
  Rendered welcome/index.html.erb (0.1ms)
Completed 200 OK in 2ms (Views: 1.5ms | ActiveRecord: 0.0ms)
  [1m[36mActiveRecord::SchemaMigration Load (0.1ms)[0m  [1mSELECT "schema_migrations".* FROM "schema_migrations"[0m
  [1m[36mActiveRecord::SchemaMigration Load (0.1ms)[0m  [1mSELECT "schema_migrations".* FROM "schema_migrations"[0m
  [1m[36mActiveRecord::SchemaMigration Load (0.1ms)[0m  [1mSELECT "schema_migrations".* FROM "schema_migrations"[0m
  [1m[36mActiveRecord::SchemaMigration Load (0.1ms)[0m  [1mSELECT "schema_migrations".* FROM "schema_migrations"[0m
  [1m[36mActiveRecord::SchemaMigration Load (0.1ms)[0m  [1mSELECT "schema_migrations".* FROM "schema_migrations"[0m
  [1m[36mActiveRecord::SchemaMigration Load (0.1ms)[0m  [1mSELECT "schema_migrations".* FROM "schema_migrations"[0m
  [1m[36mActiveRecord::SchemaMigration Load (0.1ms)[0m  [1mSELECT "schema_migrations".* FROM "schema_migrations"[0m
  [1m[36mActiveRecord::SchemaMigration Load (0.1ms)[0m  [1mSELECT "schema_migrations".* FROM "schema_migrations"[0m
  [1m[36mActiveRecord::SchemaMigration Load (0.1ms)[0m  [1mSELECT "schema_migrations".* FROM "schema_migrations"[0m
  [1m[36mActiveRecord::SchemaMigration Load (0.1ms)[0m  [1mSELECT "schema_migrations".* FROM "schema_migrations"[0m
  [1m[36mActiveRecord::SchemaMigration Load (0.1ms)[0m  [1mSELECT "schema_migrations".* FROM "schema_migrations"[0m
  [1m[36mActiveRecord::SchemaMigration Load (0.1ms)[0m  [1mSELECT "schema_migrations".* FROM "schema_migrations"[0m
  [1m[36mActiveRecord::SchemaMigration Load (0.1ms)[0m  [1mSELECT "schema_migrations".* FROM "schema_migrations"[0m


Started GET "/" for 127.0.0.1 at 2016-02-27 16:58:01 -0500
Processing by WelcomeController#index as HTML
  Rendered welcome/index.html.erb (3.4ms)
Completed 200 OK in 22ms (Views: 14.8ms | ActiveRecord: 0.0ms)


Started GET "/welcome/index?start=volen&end=volen" for 127.0.0.1 at 2016-02-27 16:58:03 -0500
Processing by WelcomeController#index as HTML
  Parameters: {"start"=>"volen", "end"=>"volen"}
  Rendered welcome/index.html.erb (0.1ms)
Completed 200 OK in 1ms (Views: 0.8ms | ActiveRecord: 0.0ms)


Started GET "/welcome/index?start=volen&end=ziv+127" for 127.0.0.1 at 2016-02-27 16:58:05 -0500
Processing by WelcomeController#index as HTML
  Parameters: {"start"=>"volen", "end"=>"ziv 127"}
  Rendered welcome/index.html.erb (0.1ms)
Completed 200 OK in 5ms (Views: 1.9ms | ActiveRecord: 0.0ms)
  [1m[36mActiveRecord::SchemaMigration Load (0.1ms)[0m  [1mSELECT "schema_migrations".* FROM "schema_migrations"[0m
Migrating to CreateUsers (20160227220030)
  [1m[35m (0.1ms)[0m  begin transaction
  [1m[36m (4.9ms)[0m  [1mCREATE TABLE "users" ("id" INTEGER PRIMARY KEY AUTOINCREMENT NOT NULL, "user_id" varchar(255), "password" varchar(255), "user_name" varchar(255), "created_at" datetime, "updated_at" datetime) [0m
  [1m[35mSQL (1.7ms)[0m  INSERT INTO "schema_migrations" ("version") VALUES (?)  [["version", "20160227220030"]]
  [1m[36m (5.4ms)[0m  [1mcommit transaction[0m
Migrating to CreateLocations (20160227220107)
  [1m[35m (0.1ms)[0m  begin transaction
  [1m[36m (0.2ms)[0m  [1mCREATE TABLE "locations" ("id" INTEGER PRIMARY KEY AUTOINCREMENT NOT NULL, "location_id" varchar(255), "name" varchar(255), "type" varchar(255), "created_at" datetime, "updated_at" datetime) [0m
  [1m[35mSQL (4.5ms)[0m  INSERT INTO "schema_migrations" ("version") VALUES (?)  [["version", "20160227220107"]]
  [1m[36m (7.5ms)[0m  [1mcommit transaction[0m
Migrating to CreatePaths (20160227220153)
  [1m[35m (0.1ms)[0m  begin transaction
  [1m[36m (0.3ms)[0m  [1mCREATE TABLE "paths" ("id" INTEGER PRIMARY KEY AUTOINCREMENT NOT NULL, "path_id" varchar(255), "location_id_start" varchar(255), "location_id_end" varchar(255), "distance" integer, "created_at" datetime, "updated_at" datetime) [0m
  [1m[35mSQL (0.1ms)[0m  INSERT INTO "schema_migrations" ("version") VALUES (?)  [["version", "20160227220153"]]
  [1m[36m (6.1ms)[0m  [1mcommit transaction[0m
Migrating to CreateIntersections (20160227220259)
  [1m[35m (0.1ms)[0m  begin transaction
  [1m[36m (0.3ms)[0m  [1mCREATE TABLE "intersections" ("id" INTEGER PRIMARY KEY AUTOINCREMENT NOT NULL, "path_id_start" varchar(255), "path_id_end" varchar(255), "direction" varchar(255), "created_at" datetime, "updated_at" datetime) [0m
  [1m[35mSQL (0.1ms)[0m  INSERT INTO "schema_migrations" ("version") VALUES (?)  [["version", "20160227220259"]]
  [1m[36m (5.2ms)[0m  [1mcommit transaction[0m
Migrating to CreatePictures (20160227221049)
  [1m[35m (0.1ms)[0m  begin transaction
  [1m[36m (0.4ms)[0m  [1mCREATE TABLE "pictures" ("id" INTEGER PRIMARY KEY AUTOINCREMENT NOT NULL, "picture_id" varchar(255), "picture_name" varchar(255), "picture_url" varchar(255), "created_at" datetime, "updated_at" datetime) [0m
  [1m[35mSQL (0.2ms)[0m  INSERT INTO "schema_migrations" ("version") VALUES (?)  [["version", "20160227221049"]]
  [1m[36m (5.7ms)[0m  [1mcommit transaction[0m
  [1m[35mActiveRecord::SchemaMigration Load (0.1ms)[0m  SELECT "schema_migrations".* FROM "schema_migrations"


Started GET "/" for 127.0.0.1 at 2016-02-27 17:11:39 -0500
  [1m[36mActiveRecord::SchemaMigration Load (0.1ms)[0m  [1mSELECT "schema_migrations".* FROM "schema_migrations"[0m
Processing by WelcomeController#index as HTML
  Rendered welcome/index.html.erb (1.4ms)
Completed 200 OK in 15ms (Views: 5.3ms | ActiveRecord: 0.0ms)


Started GET "/welcome/index?start=volen&end=ziv+127" for 127.0.0.1 at 2016-02-27 17:11:41 -0500
Processing by WelcomeController#index as HTML
  Parameters: {"start"=>"volen", "end"=>"ziv 127"}
  Rendered welcome/index.html.erb (0.1ms)
Completed 200 OK in 7ms (Views: 5.6ms | ActiveRecord: 0.0ms)


Started GET "/welcome/index?start=volen&end=volen" for 127.0.0.1 at 2016-02-27 17:11:42 -0500
Processing by WelcomeController#index as HTML
  Parameters: {"start"=>"volen", "end"=>"volen"}
  Rendered welcome/index.html.erb (0.1ms)
Completed 200 OK in 4ms (Views: 3.8ms | ActiveRecord: 0.0ms)


Started GET "/" for 127.0.0.1 at 2016-02-27 17:14:06 -0500
  [1m[36mActiveRecord::SchemaMigration Load (0.1ms)[0m  [1mSELECT "schema_migrations".* FROM "schema_migrations"[0m
Processing by WelcomeController#index as HTML
  Rendered welcome/index.html.erb (1.7ms)
Completed 200 OK in 17ms (Views: 10.6ms | ActiveRecord: 0.0ms)


Started GET "/user" for 127.0.0.1 at 2016-02-27 17:14:12 -0500

ActionController::RoutingError (No route matches [GET] "/user"):
  actionpack (4.1.10) lib/action_dispatch/middleware/debug_exceptions.rb:21:in `call'
  actionpack (4.1.10) lib/action_dispatch/middleware/show_exceptions.rb:30:in `call'
  railties (4.1.10) lib/rails/rack/logger.rb:38:in `call_app'
  railties (4.1.10) lib/rails/rack/logger.rb:20:in `block in call'
  activesupport (4.1.10) lib/active_support/tagged_logging.rb:68:in `block in tagged'
  activesupport (4.1.10) lib/active_support/tagged_logging.rb:26:in `tagged'
  activesupport (4.1.10) lib/active_support/tagged_logging.rb:68:in `tagged'
  railties (4.1.10) lib/rails/rack/logger.rb:20:in `call'
  actionpack (4.1.10) lib/action_dispatch/middleware/request_id.rb:21:in `call'
  rack (1.5.5) lib/rack/methodoverride.rb:21:in `call'
  rack (1.5.5) lib/rack/runtime.rb:17:in `call'
  activesupport (4.1.10) lib/active_support/cache/strategy/local_cache_middleware.rb:26:in `call'
  rack (1.5.5) lib/rack/lock.rb:17:in `call'
  actionpack (4.1.10) lib/action_dispatch/middleware/static.rb:84:in `call'
  rack (1.5.5) lib/rack/sendfile.rb:112:in `call'
  railties (4.1.10) lib/rails/engine.rb:514:in `call'
  railties (4.1.10) lib/rails/application.rb:144:in `call'
  rack (1.5.5) lib/rack/lock.rb:17:in `call'
  rack (1.5.5) lib/rack/content_length.rb:14:in `call'
  rack (1.5.5) lib/rack/handler/webrick.rb:60:in `service'
  /home/xyao01/.rbenv/versions/2.2.4/lib/ruby/2.2.0/webrick/httpserver.rb:138:in `service'
  /home/xyao01/.rbenv/versions/2.2.4/lib/ruby/2.2.0/webrick/httpserver.rb:94:in `run'
  /home/xyao01/.rbenv/versions/2.2.4/lib/ruby/2.2.0/webrick/server.rb:294:in `block in start_thread'


  Rendered /home/xyao01/.rbenv/versions/2.2.4/lib/ruby/gems/2.2.0/gems/actionpack-4.1.10/lib/action_dispatch/middleware/templates/rescues/_trace.html.erb (1.7ms)
  Rendered /home/xyao01/.rbenv/versions/2.2.4/lib/ruby/gems/2.2.0/gems/actionpack-4.1.10/lib/action_dispatch/middleware/templates/routes/_route.html.erb (6.4ms)
  Rendered /home/xyao01/.rbenv/versions/2.2.4/lib/ruby/gems/2.2.0/gems/actionpack-4.1.10/lib/action_dispatch/middleware/templates/routes/_table.html.erb (16.4ms)
  Rendered /home/xyao01/.rbenv/versions/2.2.4/lib/ruby/gems/2.2.0/gems/actionpack-4.1.10/lib/action_dispatch/middleware/templates/rescues/routing_error.html.erb within rescues/layout (79.7ms)


Started GET "/users" for 127.0.0.1 at 2016-02-27 17:14:25 -0500

AbstractController::ActionNotFound (The action 'index' could not be found for UsersController):
  actionpack (4.1.10) lib/abstract_controller/base.rb:131:in `process'
  actionview (4.1.10) lib/action_view/rendering.rb:30:in `process'
  actionpack (4.1.10) lib/action_controller/metal.rb:196:in `dispatch'
  actionpack (4.1.10) lib/action_controller/metal/rack_delegation.rb:13:in `dispatch'
  actionpack (4.1.10) lib/action_controller/metal.rb:232:in `block in action'
  actionpack (4.1.10) lib/action_dispatch/routing/route_set.rb:82:in `call'
  actionpack (4.1.10) lib/action_dispatch/routing/route_set.rb:82:in `dispatch'
  actionpack (4.1.10) lib/action_dispatch/routing/route_set.rb:50:in `call'
  actionpack (4.1.10) lib/action_dispatch/journey/router.rb:73:in `block in call'
  actionpack (4.1.10) lib/action_dispatch/journey/router.rb:59:in `each'
  actionpack (4.1.10) lib/action_dispatch/journey/router.rb:59:in `call'
  actionpack (4.1.10) lib/action_dispatch/routing/route_set.rb:692:in `call'
  rack (1.5.5) lib/rack/etag.rb:23:in `call'
  rack (1.5.5) lib/rack/conditionalget.rb:25:in `call'
  rack (1.5.5) lib/rack/head.rb:11:in `call'
  actionpack (4.1.10) lib/action_dispatch/middleware/params_parser.rb:27:in `call'
  actionpack (4.1.10) lib/action_dispatch/middleware/flash.rb:254:in `call'
  rack (1.5.5) lib/rack/session/abstract/id.rb:225:in `context'
  rack (1.5.5) lib/rack/session/abstract/id.rb:220:in `call'
  actionpack (4.1.10) lib/action_dispatch/middleware/cookies.rb:562:in `call'
  activerecord (4.1.10) lib/active_record/query_cache.rb:36:in `call'
  activerecord (4.1.10) lib/active_record/connection_adapters/abstract/connection_pool.rb:621:in `call'
  activerecord (4.1.10) lib/active_record/migration.rb:380:in `call'
  actionpack (4.1.10) lib/action_dispatch/middleware/callbacks.rb:29:in `block in call'
  activesupport (4.1.10) lib/active_support/callbacks.rb:82:in `run_callbacks'
  actionpack (4.1.10) lib/action_dispatch/middleware/callbacks.rb:27:in `call'
  actionpack (4.1.10) lib/action_dispatch/middleware/reloader.rb:73:in `call'
  actionpack (4.1.10) lib/action_dispatch/middleware/remote_ip.rb:76:in `call'
  actionpack (4.1.10) lib/action_dispatch/middleware/debug_exceptions.rb:17:in `call'
  actionpack (4.1.10) lib/action_dispatch/middleware/show_exceptions.rb:30:in `call'
  railties (4.1.10) lib/rails/rack/logger.rb:38:in `call_app'
  railties (4.1.10) lib/rails/rack/logger.rb:20:in `block in call'
  activesupport (4.1.10) lib/active_support/tagged_logging.rb:68:in `block in tagged'
  activesupport (4.1.10) lib/active_support/tagged_logging.rb:26:in `tagged'
  activesupport (4.1.10) lib/active_support/tagged_logging.rb:68:in `tagged'
  railties (4.1.10) lib/rails/rack/logger.rb:20:in `call'
  actionpack (4.1.10) lib/action_dispatch/middleware/request_id.rb:21:in `call'
  rack (1.5.5) lib/rack/methodoverride.rb:21:in `call'
  rack (1.5.5) lib/rack/runtime.rb:17:in `call'
  activesupport (4.1.10) lib/active_support/cache/strategy/local_cache_middleware.rb:26:in `call'
  rack (1.5.5) lib/rack/lock.rb:17:in `call'
  actionpack (4.1.10) lib/action_dispatch/middleware/static.rb:84:in `call'
  rack (1.5.5) lib/rack/sendfile.rb:112:in `call'
  railties (4.1.10) lib/rails/engine.rb:514:in `call'
  railties (4.1.10) lib/rails/application.rb:144:in `call'
  rack (1.5.5) lib/rack/lock.rb:17:in `call'
  rack (1.5.5) lib/rack/content_length.rb:14:in `call'
  rack (1.5.5) lib/rack/handler/webrick.rb:60:in `service'
  /home/xyao01/.rbenv/versions/2.2.4/lib/ruby/2.2.0/webrick/httpserver.rb:138:in `service'
  /home/xyao01/.rbenv/versions/2.2.4/lib/ruby/2.2.0/webrick/httpserver.rb:94:in `run'
  /home/xyao01/.rbenv/versions/2.2.4/lib/ruby/2.2.0/webrick/server.rb:294:in `block in start_thread'


  Rendered /home/xyao01/.rbenv/versions/2.2.4/lib/ruby/gems/2.2.0/gems/actionpack-4.1.10/lib/action_dispatch/middleware/templates/rescues/unknown_action.html.erb within rescues/layout (3.4ms)
  [1m[36m (21.0ms)[0m  [1mCREATE TABLE "intersections" ("id" INTEGER PRIMARY KEY AUTOINCREMENT NOT NULL, "path_id_start" varchar(255), "path_id_end" varchar(255), "direction" varchar(255), "created_at" datetime, "updated_at" datetime) [0m
  [1m[35m (8.0ms)[0m  CREATE TABLE "locations" ("id" INTEGER PRIMARY KEY AUTOINCREMENT NOT NULL, "location_id" varchar(255), "name" varchar(255), "type" varchar(255), "created_at" datetime, "updated_at" datetime) 
  [1m[36m (2.2ms)[0m  [1mCREATE TABLE "paths" ("id" INTEGER PRIMARY KEY AUTOINCREMENT NOT NULL, "path_id" varchar(255), "location_id_start" varchar(255), "location_id_end" varchar(255), "distance" integer, "created_at" datetime, "updated_at" datetime) [0m
  [1m[35m (8.1ms)[0m  CREATE TABLE "pictures" ("id" INTEGER PRIMARY KEY AUTOINCREMENT NOT NULL, "picture_id" varchar(255), "picture_name" varchar(255), "picture_url" varchar(255), "created_at" datetime, "updated_at" datetime) 
  [1m[36m (4.5ms)[0m  [1mCREATE TABLE "users" ("id" INTEGER PRIMARY KEY AUTOINCREMENT NOT NULL, "user_id" varchar(255), "password" varchar(255), "user_name" varchar(255), "created_at" datetime, "updated_at" datetime) [0m
  [1m[35m (5.6ms)[0m  CREATE TABLE "schema_migrations" ("version" varchar(255) NOT NULL) 
  [1m[36m (0.2ms)[0m  [1mselect sqlite_version(*)[0m
  [1m[35m (7.3ms)[0m  CREATE UNIQUE INDEX "unique_schema_migrations" ON "schema_migrations" ("version")
  [1m[36m (0.1ms)[0m  [1mSELECT version FROM "schema_migrations"[0m
  [1m[35m (6.3ms)[0m  INSERT INTO "schema_migrations" (version) VALUES ('20160227221049')
  [1m[36m (5.6ms)[0m  [1mINSERT INTO "schema_migrations" (version) VALUES ('20160227220259')[0m
  [1m[35m (4.7ms)[0m  INSERT INTO "schema_migrations" (version) VALUES ('20160227220030')
  [1m[36m (3.0ms)[0m  [1mINSERT INTO "schema_migrations" (version) VALUES ('20160227220107')[0m
  [1m[35m (4.0ms)[0m  INSERT INTO "schema_migrations" (version) VALUES ('20160227220153')
  [1m[36m (14.6ms)[0m  [1mCREATE TABLE "intersections" ("id" INTEGER PRIMARY KEY AUTOINCREMENT NOT NULL, "path_id_start" varchar(255), "path_id_end" varchar(255), "direction" varchar(255), "created_at" datetime, "updated_at" datetime) [0m
  [1m[35m (5.9ms)[0m  CREATE TABLE "locations" ("id" INTEGER PRIMARY KEY AUTOINCREMENT NOT NULL, "location_id" varchar(255), "name" varchar(255), "type" varchar(255), "created_at" datetime, "updated_at" datetime) 
  [1m[36m (11.0ms)[0m  [1mCREATE TABLE "paths" ("id" INTEGER PRIMARY KEY AUTOINCREMENT NOT NULL, "path_id" varchar(255), "location_id_start" varchar(255), "location_id_end" varchar(255), "distance" integer, "created_at" datetime, "updated_at" datetime) [0m
  [1m[35m (6.6ms)[0m  CREATE TABLE "pictures" ("id" INTEGER PRIMARY KEY AUTOINCREMENT NOT NULL, "picture_id" varchar(255), "picture_name" varchar(255), "picture_url" varchar(255), "created_at" datetime, "updated_at" datetime) 
  [1m[36m (5.0ms)[0m  [1mCREATE TABLE "users" ("id" INTEGER PRIMARY KEY AUTOINCREMENT NOT NULL, "user_id" varchar(255), "password" varchar(255), "user_name" varchar(255), "created_at" datetime, "updated_at" datetime) [0m
  [1m[35m (2.1ms)[0m  CREATE TABLE "schema_migrations" ("version" varchar(255) NOT NULL) 
  [1m[36m (0.1ms)[0m  [1mselect sqlite_version(*)[0m
  [1m[35m (2.4ms)[0m  CREATE UNIQUE INDEX "unique_schema_migrations" ON "schema_migrations" ("version")
  [1m[36m (0.1ms)[0m  [1mSELECT version FROM "schema_migrations"[0m
  [1m[35m (1.8ms)[0m  INSERT INTO "schema_migrations" (version) VALUES ('20160227221049')
  [1m[36m (3.2ms)[0m  [1mINSERT INTO "schema_migrations" (version) VALUES ('20160227220259')[0m
  [1m[35m (5.2ms)[0m  INSERT INTO "schema_migrations" (version) VALUES ('20160227220030')
  [1m[36m (6.2ms)[0m  [1mINSERT INTO "schema_migrations" (version) VALUES ('20160227220107')[0m
  [1m[35m (6.0ms)[0m  INSERT INTO "schema_migrations" (version) VALUES ('20160227220153')
  [1m[36mActiveRecord::SchemaMigration Load (0.1ms)[0m  [1mSELECT "schema_migrations".* FROM "schema_migrations"[0m
  [1m[36mActiveRecord::SchemaMigration Load (0.1ms)[0m  [1mSELECT "schema_migrations".* FROM "schema_migrations"[0m
  [1m[35mActiveRecord::SchemaMigration Load (0.1ms)[0m  SELECT "schema_migrations".* FROM "schema_migrations"


Started GET "/" for 127.0.0.1 at 2016-02-27 17:37:38 -0500
  [1m[36mActiveRecord::SchemaMigration Load (0.1ms)[0m  [1mSELECT "schema_migrations".* FROM "schema_migrations"[0m
Processing by WelcomeController#index as HTML
  Rendered welcome/index.html.erb (2.0ms)
Completed 200 OK in 27ms (Views: 16.7ms | ActiveRecord: 0.0ms)


Started GET "/welcome/index?start=volen&end=ziv+127" for 127.0.0.1 at 2016-02-27 17:37:40 -0500
Processing by WelcomeController#index as HTML
  Parameters: {"start"=>"volen", "end"=>"ziv 127"}
  Rendered welcome/index.html.erb (0.1ms)
Completed 200 OK in 6ms (Views: 4.3ms | ActiveRecord: 0.0ms)


Started GET "/users" for 127.0.0.1 at 2016-02-27 17:37:45 -0500

AbstractController::ActionNotFound (The action 'index' could not be found for UsersController):
  actionpack (4.1.10) lib/abstract_controller/base.rb:131:in `process'
  actionview (4.1.10) lib/action_view/rendering.rb:30:in `process'
  actionpack (4.1.10) lib/action_controller/metal.rb:196:in `dispatch'
  actionpack (4.1.10) lib/action_controller/metal/rack_delegation.rb:13:in `dispatch'
  actionpack (4.1.10) lib/action_controller/metal.rb:232:in `block in action'
  actionpack (4.1.10) lib/action_dispatch/routing/route_set.rb:82:in `call'
  actionpack (4.1.10) lib/action_dispatch/routing/route_set.rb:82:in `dispatch'
  actionpack (4.1.10) lib/action_dispatch/routing/route_set.rb:50:in `call'
  actionpack (4.1.10) lib/action_dispatch/journey/router.rb:73:in `block in call'
  actionpack (4.1.10) lib/action_dispatch/journey/router.rb:59:in `each'
  actionpack (4.1.10) lib/action_dispatch/journey/router.rb:59:in `call'
  actionpack (4.1.10) lib/action_dispatch/routing/route_set.rb:692:in `call'
  rack (1.5.5) lib/rack/etag.rb:23:in `call'
  rack (1.5.5) lib/rack/conditionalget.rb:25:in `call'
  rack (1.5.5) lib/rack/head.rb:11:in `call'
  actionpack (4.1.10) lib/action_dispatch/middleware/params_parser.rb:27:in `call'
  actionpack (4.1.10) lib/action_dispatch/middleware/flash.rb:254:in `call'
  rack (1.5.5) lib/rack/session/abstract/id.rb:225:in `context'
  rack (1.5.5) lib/rack/session/abstract/id.rb:220:in `call'
  actionpack (4.1.10) lib/action_dispatch/middleware/cookies.rb:562:in `call'
  activerecord (4.1.10) lib/active_record/query_cache.rb:36:in `call'
  activerecord (4.1.10) lib/active_record/connection_adapters/abstract/connection_pool.rb:621:in `call'
  activerecord (4.1.10) lib/active_record/migration.rb:380:in `call'
  actionpack (4.1.10) lib/action_dispatch/middleware/callbacks.rb:29:in `block in call'
  activesupport (4.1.10) lib/active_support/callbacks.rb:82:in `run_callbacks'
  actionpack (4.1.10) lib/action_dispatch/middleware/callbacks.rb:27:in `call'
  actionpack (4.1.10) lib/action_dispatch/middleware/reloader.rb:73:in `call'
  actionpack (4.1.10) lib/action_dispatch/middleware/remote_ip.rb:76:in `call'
  actionpack (4.1.10) lib/action_dispatch/middleware/debug_exceptions.rb:17:in `call'
  actionpack (4.1.10) lib/action_dispatch/middleware/show_exceptions.rb:30:in `call'
  railties (4.1.10) lib/rails/rack/logger.rb:38:in `call_app'
  railties (4.1.10) lib/rails/rack/logger.rb:20:in `block in call'
  activesupport (4.1.10) lib/active_support/tagged_logging.rb:68:in `block in tagged'
  activesupport (4.1.10) lib/active_support/tagged_logging.rb:26:in `tagged'
  activesupport (4.1.10) lib/active_support/tagged_logging.rb:68:in `tagged'
  railties (4.1.10) lib/rails/rack/logger.rb:20:in `call'
  actionpack (4.1.10) lib/action_dispatch/middleware/request_id.rb:21:in `call'
  rack (1.5.5) lib/rack/methodoverride.rb:21:in `call'
  rack (1.5.5) lib/rack/runtime.rb:17:in `call'
  activesupport (4.1.10) lib/active_support/cache/strategy/local_cache_middleware.rb:26:in `call'
  rack (1.5.5) lib/rack/lock.rb:17:in `call'
  actionpack (4.1.10) lib/action_dispatch/middleware/static.rb:84:in `call'
  rack (1.5.5) lib/rack/sendfile.rb:112:in `call'
  railties (4.1.10) lib/rails/engine.rb:514:in `call'
  railties (4.1.10) lib/rails/application.rb:144:in `call'
  rack (1.5.5) lib/rack/lock.rb:17:in `call'
  rack (1.5.5) lib/rack/content_length.rb:14:in `call'
  rack (1.5.5) lib/rack/handler/webrick.rb:60:in `service'
  /home/xyao01/.rbenv/versions/2.2.4/lib/ruby/2.2.0/webrick/httpserver.rb:138:in `service'
  /home/xyao01/.rbenv/versions/2.2.4/lib/ruby/2.2.0/webrick/httpserver.rb:94:in `run'
  /home/xyao01/.rbenv/versions/2.2.4/lib/ruby/2.2.0/webrick/server.rb:294:in `block in start_thread'


  Rendered /home/xyao01/.rbenv/versions/2.2.4/lib/ruby/gems/2.2.0/gems/actionpack-4.1.10/lib/action_dispatch/middleware/templates/rescues/unknown_action.html.erb within rescues/layout (0.4ms)


Started GET "/paths" for 127.0.0.1 at 2016-02-27 17:37:50 -0500

AbstractController::ActionNotFound (The action 'index' could not be found for PathsController):
  actionpack (4.1.10) lib/abstract_controller/base.rb:131:in `process'
  actionview (4.1.10) lib/action_view/rendering.rb:30:in `process'
  actionpack (4.1.10) lib/action_controller/metal.rb:196:in `dispatch'
  actionpack (4.1.10) lib/action_controller/metal/rack_delegation.rb:13:in `dispatch'
  actionpack (4.1.10) lib/action_controller/metal.rb:232:in `block in action'
  actionpack (4.1.10) lib/action_dispatch/routing/route_set.rb:82:in `call'
  actionpack (4.1.10) lib/action_dispatch/routing/route_set.rb:82:in `dispatch'
  actionpack (4.1.10) lib/action_dispatch/routing/route_set.rb:50:in `call'
  actionpack (4.1.10) lib/action_dispatch/journey/router.rb:73:in `block in call'
  actionpack (4.1.10) lib/action_dispatch/journey/router.rb:59:in `each'
  actionpack (4.1.10) lib/action_dispatch/journey/router.rb:59:in `call'
  actionpack (4.1.10) lib/action_dispatch/routing/route_set.rb:692:in `call'
  rack (1.5.5) lib/rack/etag.rb:23:in `call'
  rack (1.5.5) lib/rack/conditionalget.rb:25:in `call'
  rack (1.5.5) lib/rack/head.rb:11:in `call'
  actionpack (4.1.10) lib/action_dispatch/middleware/params_parser.rb:27:in `call'
  actionpack (4.1.10) lib/action_dispatch/middleware/flash.rb:254:in `call'
  rack (1.5.5) lib/rack/session/abstract/id.rb:225:in `context'
  rack (1.5.5) lib/rack/session/abstract/id.rb:220:in `call'
  actionpack (4.1.10) lib/action_dispatch/middleware/cookies.rb:562:in `call'
  activerecord (4.1.10) lib/active_record/query_cache.rb:36:in `call'
  activerecord (4.1.10) lib/active_record/connection_adapters/abstract/connection_pool.rb:621:in `call'
  activerecord (4.1.10) lib/active_record/migration.rb:380:in `call'
  actionpack (4.1.10) lib/action_dispatch/middleware/callbacks.rb:29:in `block in call'
  activesupport (4.1.10) lib/active_support/callbacks.rb:82:in `run_callbacks'
  actionpack (4.1.10) lib/action_dispatch/middleware/callbacks.rb:27:in `call'
  actionpack (4.1.10) lib/action_dispatch/middleware/reloader.rb:73:in `call'
  actionpack (4.1.10) lib/action_dispatch/middleware/remote_ip.rb:76:in `call'
  actionpack (4.1.10) lib/action_dispatch/middleware/debug_exceptions.rb:17:in `call'
  actionpack (4.1.10) lib/action_dispatch/middleware/show_exceptions.rb:30:in `call'
  railties (4.1.10) lib/rails/rack/logger.rb:38:in `call_app'
  railties (4.1.10) lib/rails/rack/logger.rb:20:in `block in call'
  activesupport (4.1.10) lib/active_support/tagged_logging.rb:68:in `block in tagged'
  activesupport (4.1.10) lib/active_support/tagged_logging.rb:26:in `tagged'
  activesupport (4.1.10) lib/active_support/tagged_logging.rb:68:in `tagged'
  railties (4.1.10) lib/rails/rack/logger.rb:20:in `call'
  actionpack (4.1.10) lib/action_dispatch/middleware/request_id.rb:21:in `call'
  rack (1.5.5) lib/rack/methodoverride.rb:21:in `call'
  rack (1.5.5) lib/rack/runtime.rb:17:in `call'
  activesupport (4.1.10) lib/active_support/cache/strategy/local_cache_middleware.rb:26:in `call'
  rack (1.5.5) lib/rack/lock.rb:17:in `call'
  actionpack (4.1.10) lib/action_dispatch/middleware/static.rb:84:in `call'
  rack (1.5.5) lib/rack/sendfile.rb:112:in `call'
  railties (4.1.10) lib/rails/engine.rb:514:in `call'
  railties (4.1.10) lib/rails/application.rb:144:in `call'
  rack (1.5.5) lib/rack/lock.rb:17:in `call'
  rack (1.5.5) lib/rack/content_length.rb:14:in `call'
  rack (1.5.5) lib/rack/handler/webrick.rb:60:in `service'
  /home/xyao01/.rbenv/versions/2.2.4/lib/ruby/2.2.0/webrick/httpserver.rb:138:in `service'
  /home/xyao01/.rbenv/versions/2.2.4/lib/ruby/2.2.0/webrick/httpserver.rb:94:in `run'
  /home/xyao01/.rbenv/versions/2.2.4/lib/ruby/2.2.0/webrick/server.rb:294:in `block in start_thread'


  Rendered /home/xyao01/.rbenv/versions/2.2.4/lib/ruby/gems/2.2.0/gems/actionpack-4.1.10/lib/action_dispatch/middleware/templates/rescues/unknown_action.html.erb within rescues/layout (0.3ms)
  [1m[36mUser Load (0.9ms)[0m  [1mSELECT "users".* FROM "users"[0m
  [1m[35mPath Load (0.2ms)[0m  SELECT "paths".* FROM "paths"
  [1m[36mUser Load (0.9ms)[0m  [1mSELECT "users".* FROM "users"[0m


Started GET "/welcome/index?start=ziv+127&end=gzang" for 127.0.0.1 at 2016-02-29 20:28:40 -0500
  [1m[36mActiveRecord::SchemaMigration Load (0.1ms)[0m  [1mSELECT "schema_migrations".* FROM "schema_migrations"[0m
Processing by WelcomeController#index as HTML
  Parameters: {"start"=>"ziv 127", "end"=>"gzang"}
  Rendered welcome/index.html.erb (6.8ms)
Completed 200 OK in 29ms (Views: 12.5ms | ActiveRecord: 0.0ms)


Started GET "/welcome/index?start=%3Coption+value%3D&end=%3Coption+value%3D" for 127.0.0.1 at 2016-02-29 20:28:43 -0500
Processing by WelcomeController#index as HTML
  Parameters: {"start"=>"<option value=", "end"=>"<option value="}
Completed 500 Internal Server Error in 1ms (ActiveRecord: 0.0ms)

NoMethodError (undefined method `id' for nil:NilClass):
  lib/map.rb:100:in `shortest_path'
  lib/map.rb:32:in `solve'
  app/controllers/welcome_controller.rb:19:in `index'


  Rendered /Users/metaphoenix/.rbenv/versions/2.2.4/lib/ruby/gems/2.2.0/gems/actionpack-4.1.10/lib/action_dispatch/middleware/templates/rescues/_source.erb (0.6ms)
  Rendered /Users/metaphoenix/.rbenv/versions/2.2.4/lib/ruby/gems/2.2.0/gems/actionpack-4.1.10/lib/action_dispatch/middleware/templates/rescues/_trace.html.erb (1.1ms)
  Rendered /Users/metaphoenix/.rbenv/versions/2.2.4/lib/ruby/gems/2.2.0/gems/actionpack-4.1.10/lib/action_dispatch/middleware/templates/rescues/_request_and_response.html.erb (2.8ms)
  Rendered /Users/metaphoenix/.rbenv/versions/2.2.4/lib/ruby/gems/2.2.0/gems/actionpack-4.1.10/lib/action_dispatch/middleware/templates/rescues/diagnostics.erb within rescues/layout (62.9ms)


Started GET "/welcome/index?start=brown&end=mandel" for 127.0.0.1 at 2016-02-29 20:28:51 -0500
Processing by WelcomeController#index as HTML
  Parameters: {"start"=>"brown", "end"=>"mandel"}
  Rendered welcome/index.html.erb (1.7ms)
Completed 200 OK in 4ms (Views: 2.8ms | ActiveRecord: 0.0ms)


Started GET "/welcome/index?start=usen+massell&end=mandel" for 127.0.0.1 at 2016-02-29 20:28:58 -0500
Processing by WelcomeController#index as HTML
  Parameters: {"start"=>"usen massell", "end"=>"mandel"}
  Rendered welcome/index.html.erb (1.6ms)
Completed 200 OK in 4ms (Views: 2.6ms | ActiveRecord: 0.0ms)


Started GET "/" for 127.0.0.1 at 2016-03-01 12:20:34 -0500
  [1m[36mActiveRecord::SchemaMigration Load (1.3ms)[0m  [1mSELECT "schema_migrations".* FROM "schema_migrations"[0m

NoMethodError (undefined method `strip' for #<Enumerator: File:foreach("./lib/buildings.txt")>):
  lib/map.rb:15:in `load_buildings'
  app/controllers/welcome_controller.rb:8:in `initialize'


  Rendered /Users/metaphoenix/.rbenv/versions/2.2.4/lib/ruby/gems/2.2.0/gems/actionpack-4.1.10/lib/action_dispatch/middleware/templates/rescues/_source.erb (0.6ms)
  Rendered /Users/metaphoenix/.rbenv/versions/2.2.4/lib/ruby/gems/2.2.0/gems/actionpack-4.1.10/lib/action_dispatch/middleware/templates/rescues/_trace.html.erb (1.6ms)
  Rendered /Users/metaphoenix/.rbenv/versions/2.2.4/lib/ruby/gems/2.2.0/gems/actionpack-4.1.10/lib/action_dispatch/middleware/templates/rescues/_request_and_response.html.erb (10.0ms)
  Rendered /Users/metaphoenix/.rbenv/versions/2.2.4/lib/ruby/gems/2.2.0/gems/actionpack-4.1.10/lib/action_dispatch/middleware/templates/rescues/diagnostics.erb within rescues/layout (86.1ms)


Started GET "/" for 127.0.0.1 at 2016-03-01 12:22:40 -0500
  [1m[36mActiveRecord::SchemaMigration Load (0.1ms)[0m  [1mSELECT "schema_migrations".* FROM "schema_migrations"[0m
Processing by WelcomeController#index as HTML
  Rendered welcome/index.html.erb (3.9ms)
Completed 200 OK in 28ms (Views: 10.8ms | ActiveRecord: 0.0ms)


Started GET "/welcome/index?start=gzang&end=icc" for 127.0.0.1 at 2016-03-01 12:22:45 -0500
Processing by WelcomeController#index as HTML
  Parameters: {"start"=>"gzang", "end"=>"icc"}
Completed 500 Internal Server Error in 1ms (ActiveRecord: 0.0ms)

NoMethodError (undefined method `html_safe' for false:FalseClass):
  app/controllers/welcome_controller.rb:20:in `index'


  Rendered /Users/metaphoenix/.rbenv/versions/2.2.4/lib/ruby/gems/2.2.0/gems/actionpack-4.1.10/lib/action_dispatch/middleware/templates/rescues/_source.erb (0.5ms)
  Rendered /Users/metaphoenix/.rbenv/versions/2.2.4/lib/ruby/gems/2.2.0/gems/actionpack-4.1.10/lib/action_dispatch/middleware/templates/rescues/_trace.html.erb (1.0ms)
  Rendered /Users/metaphoenix/.rbenv/versions/2.2.4/lib/ruby/gems/2.2.0/gems/actionpack-4.1.10/lib/action_dispatch/middleware/templates/rescues/_request_and_response.html.erb (0.8ms)
  Rendered /Users/metaphoenix/.rbenv/versions/2.2.4/lib/ruby/gems/2.2.0/gems/actionpack-4.1.10/lib/action_dispatch/middleware/templates/rescues/diagnostics.erb within rescues/layout (52.5ms)


Started GET "/welcome/index?start=gzang&end=gordon" for 127.0.0.1 at 2016-03-01 12:22:53 -0500
Processing by WelcomeController#index as HTML
  Parameters: {"start"=>"gzang", "end"=>"gordon"}
Completed 500 Internal Server Error in 0ms (ActiveRecord: 0.0ms)

NoMethodError (undefined method `html_safe' for false:FalseClass):
  app/controllers/welcome_controller.rb:20:in `index'


  Rendered /Users/metaphoenix/.rbenv/versions/2.2.4/lib/ruby/gems/2.2.0/gems/actionpack-4.1.10/lib/action_dispatch/middleware/templates/rescues/_source.erb (1.0ms)
  Rendered /Users/metaphoenix/.rbenv/versions/2.2.4/lib/ruby/gems/2.2.0/gems/actionpack-4.1.10/lib/action_dispatch/middleware/templates/rescues/_trace.html.erb (0.9ms)
  Rendered /Users/metaphoenix/.rbenv/versions/2.2.4/lib/ruby/gems/2.2.0/gems/actionpack-4.1.10/lib/action_dispatch/middleware/templates/rescues/_request_and_response.html.erb (0.8ms)
  Rendered /Users/metaphoenix/.rbenv/versions/2.2.4/lib/ruby/gems/2.2.0/gems/actionpack-4.1.10/lib/action_dispatch/middleware/templates/rescues/diagnostics.erb within rescues/layout (60.5ms)


Started GET "/welcome/index?start=gzang&end=ziv+128" for 127.0.0.1 at 2016-03-01 12:22:58 -0500
Processing by WelcomeController#index as HTML
  Parameters: {"start"=>"gzang", "end"=>"ziv 128"}
Completed 500 Internal Server Error in 0ms (ActiveRecord: 0.0ms)

NoMethodError (undefined method `html_safe' for false:FalseClass):
  app/controllers/welcome_controller.rb:20:in `index'


  Rendered /Users/metaphoenix/.rbenv/versions/2.2.4/lib/ruby/gems/2.2.0/gems/actionpack-4.1.10/lib/action_dispatch/middleware/templates/rescues/_source.erb (1.3ms)
  Rendered /Users/metaphoenix/.rbenv/versions/2.2.4/lib/ruby/gems/2.2.0/gems/actionpack-4.1.10/lib/action_dispatch/middleware/templates/rescues/_trace.html.erb (0.9ms)
  Rendered /Users/metaphoenix/.rbenv/versions/2.2.4/lib/ruby/gems/2.2.0/gems/actionpack-4.1.10/lib/action_dispatch/middleware/templates/rescues/_request_and_response.html.erb (0.8ms)
  Rendered /Users/metaphoenix/.rbenv/versions/2.2.4/lib/ruby/gems/2.2.0/gems/actionpack-4.1.10/lib/action_dispatch/middleware/templates/rescues/diagnostics.erb within rescues/layout (61.7ms)


Started GET "/welcome/index?start=gzang&end=ziv+127" for 127.0.0.1 at 2016-03-01 12:23:02 -0500
Processing by WelcomeController#index as HTML
  Parameters: {"start"=>"gzang", "end"=>"ziv 127"}
Completed 500 Internal Server Error in 0ms (ActiveRecord: 0.0ms)

NoMethodError (undefined method `html_safe' for false:FalseClass):
  app/controllers/welcome_controller.rb:20:in `index'


  Rendered /Users/metaphoenix/.rbenv/versions/2.2.4/lib/ruby/gems/2.2.0/gems/actionpack-4.1.10/lib/action_dispatch/middleware/templates/rescues/_source.erb (0.7ms)
  Rendered /Users/metaphoenix/.rbenv/versions/2.2.4/lib/ruby/gems/2.2.0/gems/actionpack-4.1.10/lib/action_dispatch/middleware/templates/rescues/_trace.html.erb (1.7ms)
  Rendered /Users/metaphoenix/.rbenv/versions/2.2.4/lib/ruby/gems/2.2.0/gems/actionpack-4.1.10/lib/action_dispatch/middleware/templates/rescues/_request_and_response.html.erb (0.9ms)
  Rendered /Users/metaphoenix/.rbenv/versions/2.2.4/lib/ruby/gems/2.2.0/gems/actionpack-4.1.10/lib/action_dispatch/middleware/templates/rescues/diagnostics.erb within rescues/layout (61.2ms)


Started GET "/welcome/index?start=gzang&end=ziv+127" for 127.0.0.1 at 2016-03-01 12:24:17 -0500
  [1m[36mActiveRecord::SchemaMigration Load (0.1ms)[0m  [1mSELECT "schema_migrations".* FROM "schema_migrations"[0m
Processing by WelcomeController#index as HTML
  Parameters: {"start"=>"gzang", "end"=>"ziv 127"}
Completed 500 Internal Server Error in 15ms (ActiveRecord: 0.0ms)

NoMethodError (undefined method `html_safe' for false:FalseClass):
  app/controllers/welcome_controller.rb:20:in `index'


  Rendered /Users/metaphoenix/.rbenv/versions/2.2.4/lib/ruby/gems/2.2.0/gems/actionpack-4.1.10/lib/action_dispatch/middleware/templates/rescues/_source.erb (0.6ms)
  Rendered /Users/metaphoenix/.rbenv/versions/2.2.4/lib/ruby/gems/2.2.0/gems/actionpack-4.1.10/lib/action_dispatch/middleware/templates/rescues/_trace.html.erb (1.2ms)
  Rendered /Users/metaphoenix/.rbenv/versions/2.2.4/lib/ruby/gems/2.2.0/gems/actionpack-4.1.10/lib/action_dispatch/middleware/templates/rescues/_request_and_response.html.erb (0.8ms)
  Rendered /Users/metaphoenix/.rbenv/versions/2.2.4/lib/ruby/gems/2.2.0/gems/actionpack-4.1.10/lib/action_dispatch/middleware/templates/rescues/diagnostics.erb within rescues/layout (57.6ms)


Started GET "/welcome/index?start=gzang&end=volen" for 127.0.0.1 at 2016-03-01 12:24:21 -0500
Processing by WelcomeController#index as HTML
  Parameters: {"start"=>"gzang", "end"=>"volen"}
Completed 500 Internal Server Error in 0ms (ActiveRecord: 0.0ms)

NoMethodError (undefined method `html_safe' for false:FalseClass):
  app/controllers/welcome_controller.rb:20:in `index'


  Rendered /Users/metaphoenix/.rbenv/versions/2.2.4/lib/ruby/gems/2.2.0/gems/actionpack-4.1.10/lib/action_dispatch/middleware/templates/rescues/_source.erb (0.6ms)
  Rendered /Users/metaphoenix/.rbenv/versions/2.2.4/lib/ruby/gems/2.2.0/gems/actionpack-4.1.10/lib/action_dispatch/middleware/templates/rescues/_trace.html.erb (1.0ms)
  Rendered /Users/metaphoenix/.rbenv/versions/2.2.4/lib/ruby/gems/2.2.0/gems/actionpack-4.1.10/lib/action_dispatch/middleware/templates/rescues/_request_and_response.html.erb (1.1ms)
  Rendered /Users/metaphoenix/.rbenv/versions/2.2.4/lib/ruby/gems/2.2.0/gems/actionpack-4.1.10/lib/action_dispatch/middleware/templates/rescues/diagnostics.erb within rescues/layout (59.1ms)


Started GET "/welcome/index?start=gzang&end=volen" for 127.0.0.1 at 2016-03-01 12:25:15 -0500
  [1m[36mActiveRecord::SchemaMigration Load (0.1ms)[0m  [1mSELECT "schema_migrations".* FROM "schema_migrations"[0m
Processing by WelcomeController#index as HTML
  Parameters: {"start"=>"gzang", "end"=>"volen"}
Completed 500 Internal Server Error in 16ms (ActiveRecord: 0.0ms)

NoMethodError (undefined method `html_safe' for false:FalseClass):
  app/controllers/welcome_controller.rb:20:in `index'


  Rendered /Users/metaphoenix/.rbenv/versions/2.2.4/lib/ruby/gems/2.2.0/gems/actionpack-4.1.10/lib/action_dispatch/middleware/templates/rescues/_source.erb (0.6ms)
  Rendered /Users/metaphoenix/.rbenv/versions/2.2.4/lib/ruby/gems/2.2.0/gems/actionpack-4.1.10/lib/action_dispatch/middleware/templates/rescues/_trace.html.erb (1.0ms)
  Rendered /Users/metaphoenix/.rbenv/versions/2.2.4/lib/ruby/gems/2.2.0/gems/actionpack-4.1.10/lib/action_dispatch/middleware/templates/rescues/_request_and_response.html.erb (1.5ms)
  Rendered /Users/metaphoenix/.rbenv/versions/2.2.4/lib/ruby/gems/2.2.0/gems/actionpack-4.1.10/lib/action_dispatch/middleware/templates/rescues/diagnostics.erb within rescues/layout (73.0ms)


Started GET "/welcome/index?start=gzang&end=volen" for 127.0.0.1 at 2016-03-01 13:36:01 -0500
  [1m[36mActiveRecord::SchemaMigration Load (0.1ms)[0m  [1mSELECT "schema_migrations".* FROM "schema_migrations"[0m
Processing by WelcomeController#index as HTML
  Parameters: {"start"=>"gzang", "end"=>"volen"}
Completed 500 Internal Server Error in 17ms (ActiveRecord: 0.0ms)

NoMethodError (undefined method `html_safe' for false:FalseClass):
  app/controllers/welcome_controller.rb:20:in `index'


  Rendered /Users/metaphoenix/.rbenv/versions/2.2.4/lib/ruby/gems/2.2.0/gems/actionpack-4.1.10/lib/action_dispatch/middleware/templates/rescues/_source.erb (0.6ms)
  Rendered /Users/metaphoenix/.rbenv/versions/2.2.4/lib/ruby/gems/2.2.0/gems/actionpack-4.1.10/lib/action_dispatch/middleware/templates/rescues/_trace.html.erb (1.3ms)
  Rendered /Users/metaphoenix/.rbenv/versions/2.2.4/lib/ruby/gems/2.2.0/gems/actionpack-4.1.10/lib/action_dispatch/middleware/templates/rescues/_request_and_response.html.erb (0.9ms)
  Rendered /Users/metaphoenix/.rbenv/versions/2.2.4/lib/ruby/gems/2.2.0/gems/actionpack-4.1.10/lib/action_dispatch/middleware/templates/rescues/diagnostics.erb within rescues/layout (61.8ms)


Started GET "/welcome/index?start=gzang&end=volen" for 127.0.0.1 at 2016-03-01 13:37:47 -0500
  [1m[36mActiveRecord::SchemaMigration Load (0.1ms)[0m  [1mSELECT "schema_migrations".* FROM "schema_migrations"[0m
Processing by WelcomeController#index as HTML
  Parameters: {"start"=>"gzang", "end"=>"volen"}
Completed 500 Internal Server Error in 13ms (ActiveRecord: 0.0ms)

NoMethodError (undefined method `html_safe' for false:FalseClass):
  app/controllers/welcome_controller.rb:20:in `index'


  Rendered /Users/metaphoenix/.rbenv/versions/2.2.4/lib/ruby/gems/2.2.0/gems/actionpack-4.1.10/lib/action_dispatch/middleware/templates/rescues/_source.erb (0.6ms)
  Rendered /Users/metaphoenix/.rbenv/versions/2.2.4/lib/ruby/gems/2.2.0/gems/actionpack-4.1.10/lib/action_dispatch/middleware/templates/rescues/_trace.html.erb (1.2ms)
  Rendered /Users/metaphoenix/.rbenv/versions/2.2.4/lib/ruby/gems/2.2.0/gems/actionpack-4.1.10/lib/action_dispatch/middleware/templates/rescues/_request_and_response.html.erb (1.0ms)
  Rendered /Users/metaphoenix/.rbenv/versions/2.2.4/lib/ruby/gems/2.2.0/gems/actionpack-4.1.10/lib/action_dispatch/middleware/templates/rescues/diagnostics.erb within rescues/layout (62.1ms)


Started GET "/welcome/index?start=gzang&end=volen" for 127.0.0.1 at 2016-03-01 13:39:37 -0500
  [1m[36mActiveRecord::SchemaMigration Load (0.1ms)[0m  [1mSELECT "schema_migrations".* FROM "schema_migrations"[0m
Processing by WelcomeController#index as HTML
  Parameters: {"start"=>"gzang", "end"=>"volen"}
Completed 500 Internal Server Error in 13ms (ActiveRecord: 0.0ms)

NoMethodError (undefined method `html_safe' for false:FalseClass):
  app/controllers/welcome_controller.rb:20:in `index'


  Rendered /Users/metaphoenix/.rbenv/versions/2.2.4/lib/ruby/gems/2.2.0/gems/actionpack-4.1.10/lib/action_dispatch/middleware/templates/rescues/_source.erb (0.9ms)
  Rendered /Users/metaphoenix/.rbenv/versions/2.2.4/lib/ruby/gems/2.2.0/gems/actionpack-4.1.10/lib/action_dispatch/middleware/templates/rescues/_trace.html.erb (1.6ms)
  Rendered /Users/metaphoenix/.rbenv/versions/2.2.4/lib/ruby/gems/2.2.0/gems/actionpack-4.1.10/lib/action_dispatch/middleware/templates/rescues/_request_and_response.html.erb (2.0ms)
  Rendered /Users/metaphoenix/.rbenv/versions/2.2.4/lib/ruby/gems/2.2.0/gems/actionpack-4.1.10/lib/action_dispatch/middleware/templates/rescues/diagnostics.erb within rescues/layout (76.7ms)


Started GET "/welcome/index?start=gzang&end=ziv+127" for 127.0.0.1 at 2016-03-01 13:41:30 -0500
  [1m[36mActiveRecord::SchemaMigration Load (0.1ms)[0m  [1mSELECT "schema_migrations".* FROM "schema_migrations"[0m
Processing by WelcomeController#index as HTML
  Parameters: {"start"=>"gzang", "end"=>"ziv 127"}
Completed 500 Internal Server Error in 15ms (ActiveRecord: 0.0ms)

NoMethodError (undefined method `html_safe' for false:FalseClass):
  app/controllers/welcome_controller.rb:20:in `index'


  Rendered /Users/metaphoenix/.rbenv/versions/2.2.4/lib/ruby/gems/2.2.0/gems/actionpack-4.1.10/lib/action_dispatch/middleware/templates/rescues/_source.erb (0.6ms)
  Rendered /Users/metaphoenix/.rbenv/versions/2.2.4/lib/ruby/gems/2.2.0/gems/actionpack-4.1.10/lib/action_dispatch/middleware/templates/rescues/_trace.html.erb (0.9ms)
  Rendered /Users/metaphoenix/.rbenv/versions/2.2.4/lib/ruby/gems/2.2.0/gems/actionpack-4.1.10/lib/action_dispatch/middleware/templates/rescues/_request_and_response.html.erb (0.8ms)
  Rendered /Users/metaphoenix/.rbenv/versions/2.2.4/lib/ruby/gems/2.2.0/gems/actionpack-4.1.10/lib/action_dispatch/middleware/templates/rescues/diagnostics.erb within rescues/layout (57.7ms)


Started GET "/welcome/index?start=library&end=ziv+127" for 127.0.0.1 at 2016-03-01 13:41:46 -0500
Processing by WelcomeController#index as HTML
  Parameters: {"start"=>"library", "end"=>"ziv 127"}
Completed 500 Internal Server Error in 1ms (ActiveRecord: 0.0ms)

NoMethodError (undefined method `html_safe' for false:FalseClass):
  app/controllers/welcome_controller.rb:20:in `index'


  Rendered /Users/metaphoenix/.rbenv/versions/2.2.4/lib/ruby/gems/2.2.0/gems/actionpack-4.1.10/lib/action_dispatch/middleware/templates/rescues/_source.erb (0.6ms)
  Rendered /Users/metaphoenix/.rbenv/versions/2.2.4/lib/ruby/gems/2.2.0/gems/actionpack-4.1.10/lib/action_dispatch/middleware/templates/rescues/_trace.html.erb (0.9ms)
  Rendered /Users/metaphoenix/.rbenv/versions/2.2.4/lib/ruby/gems/2.2.0/gems/actionpack-4.1.10/lib/action_dispatch/middleware/templates/rescues/_request_and_response.html.erb (0.8ms)
  Rendered /Users/metaphoenix/.rbenv/versions/2.2.4/lib/ruby/gems/2.2.0/gems/actionpack-4.1.10/lib/action_dispatch/middleware/templates/rescues/diagnostics.erb within rescues/layout (51.9ms)


Started GET "/welcome/index?start=library&end=ziv+127" for 127.0.0.1 at 2016-03-01 13:42:58 -0500
  [1m[36mActiveRecord::SchemaMigration Load (0.1ms)[0m  [1mSELECT "schema_migrations".* FROM "schema_migrations"[0m
Processing by WelcomeController#index as HTML
  Parameters: {"start"=>"library", "end"=>"ziv 127"}
Completed 500 Internal Server Error in 16ms (ActiveRecord: 0.0ms)

NoMethodError (undefined method `html_safe' for false:FalseClass):
  app/controllers/welcome_controller.rb:21:in `index'


  Rendered /Users/metaphoenix/.rbenv/versions/2.2.4/lib/ruby/gems/2.2.0/gems/actionpack-4.1.10/lib/action_dispatch/middleware/templates/rescues/_source.erb (0.7ms)
  Rendered /Users/metaphoenix/.rbenv/versions/2.2.4/lib/ruby/gems/2.2.0/gems/actionpack-4.1.10/lib/action_dispatch/middleware/templates/rescues/_trace.html.erb (1.0ms)
  Rendered /Users/metaphoenix/.rbenv/versions/2.2.4/lib/ruby/gems/2.2.0/gems/actionpack-4.1.10/lib/action_dispatch/middleware/templates/rescues/_request_and_response.html.erb (1.2ms)
  Rendered /Users/metaphoenix/.rbenv/versions/2.2.4/lib/ruby/gems/2.2.0/gems/actionpack-4.1.10/lib/action_dispatch/middleware/templates/rescues/diagnostics.erb within rescues/layout (63.7ms)


Started GET "/welcome/index?start=library&end=ziv+127" for 127.0.0.1 at 2016-03-01 13:43:40 -0500
  [1m[36mActiveRecord::SchemaMigration Load (0.1ms)[0m  [1mSELECT "schema_migrations".* FROM "schema_migrations"[0m
Processing by WelcomeController#index as HTML
  Parameters: {"start"=>"library", "end"=>"ziv 127"}


Started GET "/" for 127.0.0.1 at 2016-03-01 13:47:14 -0500
  [1m[36mActiveRecord::SchemaMigration Load (1.4ms)[0m  [1mSELECT "schema_migrations".* FROM "schema_migrations"[0m
Processing by WelcomeController#index as HTML
  Rendered welcome/index.html.erb (6.5ms)
Completed 200 OK in 30ms (Views: 18.9ms | ActiveRecord: 0.0ms)


Started GET "/welcome/index?start=harlan+chapel&end=golding" for 127.0.0.1 at 2016-03-01 13:47:19 -0500
Processing by WelcomeController#index as HTML
  Parameters: {"start"=>"harlan chapel", "end"=>"golding"}
Completed 500 Internal Server Error in 1ms (ActiveRecord: 0.0ms)

NoMethodError (undefined method `html_safe' for false:FalseClass):
  app/controllers/welcome_controller.rb:20:in `index'


  Rendered /Users/metaphoenix/.rbenv/versions/2.2.4/lib/ruby/gems/2.2.0/gems/actionpack-4.1.10/lib/action_dispatch/middleware/templates/rescues/_source.erb (0.9ms)
  Rendered /Users/metaphoenix/.rbenv/versions/2.2.4/lib/ruby/gems/2.2.0/gems/actionpack-4.1.10/lib/action_dispatch/middleware/templates/rescues/_trace.html.erb (1.2ms)
  Rendered /Users/metaphoenix/.rbenv/versions/2.2.4/lib/ruby/gems/2.2.0/gems/actionpack-4.1.10/lib/action_dispatch/middleware/templates/rescues/_request_and_response.html.erb (1.2ms)
  Rendered /Users/metaphoenix/.rbenv/versions/2.2.4/lib/ruby/gems/2.2.0/gems/actionpack-4.1.10/lib/action_dispatch/middleware/templates/rescues/diagnostics.erb within rescues/layout (54.5ms)


Started GET "/welcome/index?start=harlan+chapel&end=golding" for 127.0.0.1 at 2016-03-01 13:48:03 -0500
  [1m[36mActiveRecord::SchemaMigration Load (0.1ms)[0m  [1mSELECT "schema_migrations".* FROM "schema_migrations"[0m
Processing by WelcomeController#index as HTML
  Parameters: {"start"=>"harlan chapel", "end"=>"golding"}
Completed 500 Internal Server Error in 14ms (ActiveRecord: 0.0ms)

NoMethodError (undefined method `html_safe' for false:FalseClass):
  app/controllers/welcome_controller.rb:20:in `index'


  Rendered /Users/metaphoenix/.rbenv/versions/2.2.4/lib/ruby/gems/2.2.0/gems/actionpack-4.1.10/lib/action_dispatch/middleware/templates/rescues/_source.erb (2.5ms)
  Rendered /Users/metaphoenix/.rbenv/versions/2.2.4/lib/ruby/gems/2.2.0/gems/actionpack-4.1.10/lib/action_dispatch/middleware/templates/rescues/_trace.html.erb (1.0ms)
  Rendered /Users/metaphoenix/.rbenv/versions/2.2.4/lib/ruby/gems/2.2.0/gems/actionpack-4.1.10/lib/action_dispatch/middleware/templates/rescues/_request_and_response.html.erb (0.8ms)
  Rendered /Users/metaphoenix/.rbenv/versions/2.2.4/lib/ruby/gems/2.2.0/gems/actionpack-4.1.10/lib/action_dispatch/middleware/templates/rescues/diagnostics.erb within rescues/layout (61.2ms)


Started GET "/welcome/index?start=harlan+chapel&end=golding" for 127.0.0.1 at 2016-03-01 13:49:30 -0500
  [1m[36mActiveRecord::SchemaMigration Load (0.1ms)[0m  [1mSELECT "schema_migrations".* FROM "schema_migrations"[0m
Processing by WelcomeController#index as HTML
  Parameters: {"start"=>"harlan chapel", "end"=>"golding"}
Completed 500 Internal Server Error in 8ms (ActiveRecord: 0.0ms)

NoMethodError (undefined method `html_safe' for false:FalseClass):
  app/controllers/welcome_controller.rb:20:in `index'


  Rendered /Users/metaphoenix/.rbenv/versions/2.2.4/lib/ruby/gems/2.2.0/gems/actionpack-4.1.10/lib/action_dispatch/middleware/templates/rescues/_source.erb (0.8ms)
  Rendered /Users/metaphoenix/.rbenv/versions/2.2.4/lib/ruby/gems/2.2.0/gems/actionpack-4.1.10/lib/action_dispatch/middleware/templates/rescues/_trace.html.erb (1.2ms)
  Rendered /Users/metaphoenix/.rbenv/versions/2.2.4/lib/ruby/gems/2.2.0/gems/actionpack-4.1.10/lib/action_dispatch/middleware/templates/rescues/_request_and_response.html.erb (1.1ms)
  Rendered /Users/metaphoenix/.rbenv/versions/2.2.4/lib/ruby/gems/2.2.0/gems/actionpack-4.1.10/lib/action_dispatch/middleware/templates/rescues/diagnostics.erb within rescues/layout (50.9ms)


Started GET "/welcome/index?start=harlan+chapel&end=golding" for 127.0.0.1 at 2016-03-01 13:50:51 -0500
  [1m[36mActiveRecord::SchemaMigration Load (0.1ms)[0m  [1mSELECT "schema_migrations".* FROM "schema_migrations"[0m
Processing by WelcomeController#index as HTML
  Parameters: {"start"=>"harlan chapel", "end"=>"golding"}
Completed 500 Internal Server Error in 15ms (ActiveRecord: 0.0ms)

NoMethodError (undefined method `html_safe' for false:FalseClass):
  app/controllers/welcome_controller.rb:20:in `index'


  Rendered /Users/metaphoenix/.rbenv/versions/2.2.4/lib/ruby/gems/2.2.0/gems/actionpack-4.1.10/lib/action_dispatch/middleware/templates/rescues/_source.erb (1.0ms)
  Rendered /Users/metaphoenix/.rbenv/versions/2.2.4/lib/ruby/gems/2.2.0/gems/actionpack-4.1.10/lib/action_dispatch/middleware/templates/rescues/_trace.html.erb (1.5ms)
  Rendered /Users/metaphoenix/.rbenv/versions/2.2.4/lib/ruby/gems/2.2.0/gems/actionpack-4.1.10/lib/action_dispatch/middleware/templates/rescues/_request_and_response.html.erb (8.6ms)
  Rendered /Users/metaphoenix/.rbenv/versions/2.2.4/lib/ruby/gems/2.2.0/gems/actionpack-4.1.10/lib/action_dispatch/middleware/templates/rescues/diagnostics.erb within rescues/layout (71.3ms)


Started GET "/welcome/index?start=harlan+chapel&end=golding" for 127.0.0.1 at 2016-03-01 13:52:20 -0500
  [1m[36mActiveRecord::SchemaMigration Load (0.1ms)[0m  [1mSELECT "schema_migrations".* FROM "schema_migrations"[0m
Processing by WelcomeController#index as HTML
  Parameters: {"start"=>"harlan chapel", "end"=>"golding"}
Completed 500 Internal Server Error in 16ms (ActiveRecord: 0.0ms)

NoMethodError (undefined method `html_safe' for false:FalseClass):
  app/controllers/welcome_controller.rb:20:in `index'


  Rendered /Users/metaphoenix/.rbenv/versions/2.2.4/lib/ruby/gems/2.2.0/gems/actionpack-4.1.10/lib/action_dispatch/middleware/templates/rescues/_source.erb (0.7ms)
  Rendered /Users/metaphoenix/.rbenv/versions/2.2.4/lib/ruby/gems/2.2.0/gems/actionpack-4.1.10/lib/action_dispatch/middleware/templates/rescues/_trace.html.erb (2.0ms)
  Rendered /Users/metaphoenix/.rbenv/versions/2.2.4/lib/ruby/gems/2.2.0/gems/actionpack-4.1.10/lib/action_dispatch/middleware/templates/rescues/_request_and_response.html.erb (2.0ms)
  Rendered /Users/metaphoenix/.rbenv/versions/2.2.4/lib/ruby/gems/2.2.0/gems/actionpack-4.1.10/lib/action_dispatch/middleware/templates/rescues/diagnostics.erb within rescues/layout (73.0ms)


Started GET "/welcome/index?start=harlan+chapel&end=golding" for 127.0.0.1 at 2016-03-01 13:53:06 -0500
  [1m[36mActiveRecord::SchemaMigration Load (0.1ms)[0m  [1mSELECT "schema_migrations".* FROM "schema_migrations"[0m
Processing by WelcomeController#index as HTML
  Parameters: {"start"=>"harlan chapel", "end"=>"golding"}
Completed 500 Internal Server Error in 8ms (ActiveRecord: 0.0ms)

NoMethodError (undefined method `html_safe' for false:FalseClass):
  app/controllers/welcome_controller.rb:20:in `index'


  Rendered /Users/metaphoenix/.rbenv/versions/2.2.4/lib/ruby/gems/2.2.0/gems/actionpack-4.1.10/lib/action_dispatch/middleware/templates/rescues/_source.erb (2.8ms)
  Rendered /Users/metaphoenix/.rbenv/versions/2.2.4/lib/ruby/gems/2.2.0/gems/actionpack-4.1.10/lib/action_dispatch/middleware/templates/rescues/_trace.html.erb (1.0ms)
  Rendered /Users/metaphoenix/.rbenv/versions/2.2.4/lib/ruby/gems/2.2.0/gems/actionpack-4.1.10/lib/action_dispatch/middleware/templates/rescues/_request_and_response.html.erb (0.9ms)
  Rendered /Users/metaphoenix/.rbenv/versions/2.2.4/lib/ruby/gems/2.2.0/gems/actionpack-4.1.10/lib/action_dispatch/middleware/templates/rescues/diagnostics.erb within rescues/layout (60.6ms)


Started GET "/welcome/index?start=harlan+chapel&end=golding" for 127.0.0.1 at 2016-03-01 13:54:56 -0500
  [1m[36mActiveRecord::SchemaMigration Load (0.1ms)[0m  [1mSELECT "schema_migrations".* FROM "schema_migrations"[0m
Processing by WelcomeController#index as HTML
  Parameters: {"start"=>"harlan chapel", "end"=>"golding"}
Completed 500 Internal Server Error in 8ms (ActiveRecord: 0.0ms)

NoMethodError (undefined method `html_safe' for false:FalseClass):
  app/controllers/welcome_controller.rb:20:in `index'


  Rendered /Users/metaphoenix/.rbenv/versions/2.2.4/lib/ruby/gems/2.2.0/gems/actionpack-4.1.10/lib/action_dispatch/middleware/templates/rescues/_source.erb (0.6ms)
  Rendered /Users/metaphoenix/.rbenv/versions/2.2.4/lib/ruby/gems/2.2.0/gems/actionpack-4.1.10/lib/action_dispatch/middleware/templates/rescues/_trace.html.erb (1.6ms)
  Rendered /Users/metaphoenix/.rbenv/versions/2.2.4/lib/ruby/gems/2.2.0/gems/actionpack-4.1.10/lib/action_dispatch/middleware/templates/rescues/_request_and_response.html.erb (1.2ms)
  Rendered /Users/metaphoenix/.rbenv/versions/2.2.4/lib/ruby/gems/2.2.0/gems/actionpack-4.1.10/lib/action_dispatch/middleware/templates/rescues/diagnostics.erb within rescues/layout (51.1ms)


Started GET "/welcome/index?start=harlan+chapel&end=golding" for 127.0.0.1 at 2016-03-01 13:57:54 -0500
  [1m[36mActiveRecord::SchemaMigration Load (0.1ms)[0m  [1mSELECT "schema_migrations".* FROM "schema_migrations"[0m
Processing by WelcomeController#index as HTML
  Parameters: {"start"=>"harlan chapel", "end"=>"golding"}
Completed 500 Internal Server Error in 17ms (ActiveRecord: 0.0ms)

NoMethodError (undefined method `html_safe' for false:FalseClass):
  app/controllers/welcome_controller.rb:20:in `index'


  Rendered /Users/metaphoenix/.rbenv/versions/2.2.4/lib/ruby/gems/2.2.0/gems/actionpack-4.1.10/lib/action_dispatch/middleware/templates/rescues/_source.erb (0.6ms)
  Rendered /Users/metaphoenix/.rbenv/versions/2.2.4/lib/ruby/gems/2.2.0/gems/actionpack-4.1.10/lib/action_dispatch/middleware/templates/rescues/_trace.html.erb (1.2ms)
  Rendered /Users/metaphoenix/.rbenv/versions/2.2.4/lib/ruby/gems/2.2.0/gems/actionpack-4.1.10/lib/action_dispatch/middleware/templates/rescues/_request_and_response.html.erb (9.4ms)
  Rendered /Users/metaphoenix/.rbenv/versions/2.2.4/lib/ruby/gems/2.2.0/gems/actionpack-4.1.10/lib/action_dispatch/middleware/templates/rescues/diagnostics.erb within rescues/layout (71.9ms)


Started GET "/welcome/index?start=harlan+chapel&end=golding" for 127.0.0.1 at 2016-03-01 14:01:39 -0500
  [1m[36mActiveRecord::SchemaMigration Load (0.1ms)[0m  [1mSELECT "schema_migrations".* FROM "schema_migrations"[0m
Processing by WelcomeController#index as HTML
  Parameters: {"start"=>"harlan chapel", "end"=>"golding"}
Completed 500 Internal Server Error in 16ms (ActiveRecord: 0.0ms)

NoMethodError (undefined method `html_safe' for false:FalseClass):
  app/controllers/welcome_controller.rb:20:in `index'


  Rendered /Users/metaphoenix/.rbenv/versions/2.2.4/lib/ruby/gems/2.2.0/gems/actionpack-4.1.10/lib/action_dispatch/middleware/templates/rescues/_source.erb (1.4ms)
  Rendered /Users/metaphoenix/.rbenv/versions/2.2.4/lib/ruby/gems/2.2.0/gems/actionpack-4.1.10/lib/action_dispatch/middleware/templates/rescues/_trace.html.erb (1.3ms)
  Rendered /Users/metaphoenix/.rbenv/versions/2.2.4/lib/ruby/gems/2.2.0/gems/actionpack-4.1.10/lib/action_dispatch/middleware/templates/rescues/_request_and_response.html.erb (5.0ms)
  Rendered /Users/metaphoenix/.rbenv/versions/2.2.4/lib/ruby/gems/2.2.0/gems/actionpack-4.1.10/lib/action_dispatch/middleware/templates/rescues/diagnostics.erb within rescues/layout (69.3ms)


Started GET "/welcome/index?start=harlan+chapel&end=golding" for 127.0.0.1 at 2016-03-01 14:03:40 -0500
  [1m[36mActiveRecord::SchemaMigration Load (0.1ms)[0m  [1mSELECT "schema_migrations".* FROM "schema_migrations"[0m
Processing by WelcomeController#index as HTML
  Parameters: {"start"=>"harlan chapel", "end"=>"golding"}


Started GET "/welcome/index?start=harlan+chapel&end=golding" for 127.0.0.1 at 2016-03-01 14:07:18 -0500
  [1m[36mActiveRecord::SchemaMigration Load (1.3ms)[0m  [1mSELECT "schema_migrations".* FROM "schema_migrations"[0m
Processing by WelcomeController#index as HTML
  Parameters: {"start"=>"harlan chapel", "end"=>"golding"}


Started GET "/welcome/index?start=harlan+chapel&end=golding" for 127.0.0.1 at 2016-03-01 14:11:35 -0500
  [1m[36mActiveRecord::SchemaMigration Load (0.1ms)[0m  [1mSELECT "schema_migrations".* FROM "schema_migrations"[0m
Processing by WelcomeController#index as HTML
  Parameters: {"start"=>"harlan chapel", "end"=>"golding"}


Started GET "/" for 127.0.0.1 at 2016-03-01 14:14:43 -0500
  [1m[36mActiveRecord::SchemaMigration Load (1.2ms)[0m  [1mSELECT "schema_migrations".* FROM "schema_migrations"[0m
Processing by WelcomeController#index as HTML
  Rendered welcome/index.html.erb (5.5ms)
Completed 200 OK in 28ms (Views: 17.0ms | ActiveRecord: 0.0ms)


Started GET "/welcome/index?start=harlan+chapel&end=gordon" for 127.0.0.1 at 2016-03-01 14:14:53 -0500
Processing by WelcomeController#index as HTML
  Parameters: {"start"=>"harlan chapel", "end"=>"gordon"}


Started GET "/welcome/index?start=harlan+chapel&end=gordon" for 127.0.0.1 at 2016-03-01 14:15:48 -0500
  [1m[36mActiveRecord::SchemaMigration Load (0.1ms)[0m  [1mSELECT "schema_migrations".* FROM "schema_migrations"[0m
Processing by WelcomeController#index as HTML
  Parameters: {"start"=>"harlan chapel", "end"=>"gordon"}


Started GET "/welcome/index?start=harlan+chapel&end=gordon" for 127.0.0.1 at 2016-03-01 14:19:59 -0500
  [1m[36mActiveRecord::SchemaMigration Load (1.6ms)[0m  [1mSELECT "schema_migrations".* FROM "schema_migrations"[0m
Processing by WelcomeController#index as HTML
  Parameters: {"start"=>"harlan chapel", "end"=>"gordon"}
  Rendered welcome/index.html.erb (5.0ms)
Completed 200 OK in 28ms (Views: 16.7ms | ActiveRecord: 0.0ms)


Started GET "/welcome/index?start=harlan+chapel&end=gordon" for 127.0.0.1 at 2016-03-01 14:20:44 -0500
  [1m[36mActiveRecord::SchemaMigration Load (0.1ms)[0m  [1mSELECT "schema_migrations".* FROM "schema_migrations"[0m
Processing by WelcomeController#index as HTML
  Parameters: {"start"=>"harlan chapel", "end"=>"gordon"}
  Rendered welcome/index.html.erb (3.2ms)
Completed 200 OK in 25ms (Views: 8.9ms | ActiveRecord: 0.0ms)
